<?xml version="1.0" encoding="UTF-8"?>
<testsuite name="scp.api.PublisherConfigurationTest" tests="9" skipped="0" failures="0" errors="0" timestamp="2015-05-08T10:56:46" hostname="Matthews-MacBook-Pro.local" time="0.02">
  <properties/>
  <testcase name="testNullDataType" classname="scp.api.PublisherConfigurationTest" time="0.004"/>
  <testcase name="testZeroMinimumRemainingLifetime" classname="scp.api.PublisherConfigurationTest" time="0.0"/>
  <testcase name="testZeroMinimumSeparation" classname="scp.api.PublisherConfigurationTest" time="0.0"/>
  <testcase name="testMaximumLatencyGreaterThanOrEqualMinimumSeparation" classname="scp.api.PublisherConfigurationTest" time="0.0"/>
  <testcase name="testNullTopicName" classname="scp.api.PublisherConfigurationTest" time="0.0"/>
  <testcase name="testZeroMaximumLatency" classname="scp.api.PublisherConfigurationTest" time="0.0"/>
  <testcase name="testMinimumRemainingLifetimeLesserThanOrEqualMaximumLatency" classname="scp.api.PublisherConfigurationTest" time="0.001"/>
  <testcase name="testEmptyTopicName" classname="scp.api.PublisherConfigurationTest" time="0.001"/>
  <testcase name="testSuccessfulCreation" classname="scp.api.PublisherConfigurationTest" time="0.001"/>
  <system-out><![CDATA[]]></system-out>
  <system-err><![CDATA[]]></system-err>
</testsuite>
