<?xml version="1.0" encoding="UTF-8"?>
<testsuite name="scp.targets.dds.CommunicationManagerImplTest" tests="8" skipped="0" failures="0" errors="0" timestamp="2015-12-05T01:27:08" hostname="DESKTOP-PE2SLM5" time="26.751">
  <properties/>
  <testcase name="testCreateRequesterSuccess" classname="scp.targets.dds.CommunicationManagerImplTest" time="3.767"/>
  <testcase name="testCreateInitiatorSuccess" classname="scp.targets.dds.CommunicationManagerImplTest" time="3.437"/>
  <testcase name="testCreateSenderSuccess" classname="scp.targets.dds.CommunicationManagerImplTest" time="3.422"/>
  <testcase name="testRegisterExecutorSuccess" classname="scp.targets.dds.CommunicationManagerImplTest" time="3.422"/>
  <testcase name="testRegisterResponderSuccess" classname="scp.targets.dds.CommunicationManagerImplTest" time="2.406"/>
  <testcase name="testRegisterReceiverSuccess" classname="scp.targets.dds.CommunicationManagerImplTest" time="3.438"/>
  <testcase name="testRegisterSubscriberSuccess" classname="scp.targets.dds.CommunicationManagerImplTest" time="3.437"/>
  <testcase name="testCreatePublisherSuccess" classname="scp.targets.dds.CommunicationManagerImplTest" time="3.422"/>
  <system-out><![CDATA[]]></system-out>
  <system-err><![CDATA[]]></system-err>
</testsuite>
