<?xml version="1.0" encoding="UTF-8"?>
<testsuite name="scp.targets.vertx.unclustered.SenderReceiverTest" tests="7" skipped="1" failures="0" errors="0" timestamp="2015-12-04T18:12:54" hostname="Matthews-MacBook-Pro.local" time="0.542">
  <properties/>
  <testcase name="testExcessLoad" classname="scp.targets.vertx.unclustered.SenderReceiverTest" time="0.019"/>
  <testcase name="testRemoteUnknownFailure" classname="scp.targets.vertx.unclustered.SenderReceiverTest" time="0.005"/>
  <testcase name="testLocalTimeOut" classname="scp.targets.vertx.unclustered.SenderReceiverTest" time="0.001">
    <skipped/>
  </testcase>
  <testcase name="testDataAccepted" classname="scp.targets.vertx.unclustered.SenderReceiverTest" time="0.002"/>
  <testcase name="testRemoteTimeOut" classname="scp.targets.vertx.unclustered.SenderReceiverTest" time="0.107"/>
  <testcase name="testFastSend" classname="scp.targets.vertx.unclustered.SenderReceiverTest" time="0.405"/>
  <testcase name="testDataRejected" classname="scp.targets.vertx.unclustered.SenderReceiverTest" time="0.002"/>
  <system-out><![CDATA[]]></system-out>
  <system-err><![CDATA[[Test worker] INFO scp.targets.vertx.CommunicationManagerImpl - Done setting up vertx eventbus
[vert.x-eventloop-thread-1] WARN scp.impl.ReceiverInvoker - Dropping 2-th reception
[Test worker] INFO scp.targets.vertx.CommunicationManagerImpl - Done setting up vertx eventbus
[vert.x-eventloop-thread-6] ERROR scp.impl.ReceiverInvoker - Failed to handle 1-th reception
java.util.concurrent.ExecutionException: java.lang.RuntimeException: Don't Panic! This exception is good :)
	at java.util.concurrent.FutureTask.report(FutureTask.java:122)
	at java.util.concurrent.FutureTask.get(FutureTask.java:206)
	at scp.impl.ReceiverInvoker.invokeHandler(ReceiverInvoker.java:99)
	at scp.impl.ReceiverInvoker.receive(ReceiverInvoker.java:86)
	at scp.targets.vertx.CommunicationManagerImpl.lambda$registerReceiver$19(CommunicationManagerImpl.java:193)
	at scp.targets.vertx.CommunicationManagerImpl$$Lambda$40/368997559.handle(Unknown Source)
	at io.vertx.core.eventbus.impl.EventBusImpl$HandlerRegistration.handleMessage(EventBusImpl.java:1121)
	at io.vertx.core.eventbus.impl.EventBusImpl$HandlerRegistration.handle(EventBusImpl.java:1115)
	at io.vertx.core.eventbus.impl.EventBusImpl.lambda$doReceive$179(EventBusImpl.java:755)
	at io.vertx.core.eventbus.impl.EventBusImpl$$Lambda$56/1361221987.handle(Unknown Source)
	at io.vertx.core.impl.ContextImpl.lambda$wrapTask$16(ContextImpl.java:335)
	at io.vertx.core.impl.ContextImpl$$Lambda$20/1411535830.run(Unknown Source)
	at io.netty.util.concurrent.SingleThreadEventExecutor.runAllTasks(SingleThreadEventExecutor.java:358)
	at io.netty.channel.nio.NioEventLoop.run(NioEventLoop.java:357)
	at io.netty.util.concurrent.SingleThreadEventExecutor$2.run(SingleThreadEventExecutor.java:112)
	at java.lang.Thread.run(Thread.java:745)
Caused by: java.lang.RuntimeException: Don't Panic! This exception is good :)
	at scp.api.SenderReceiverTest$3.receive(SenderReceiverTest.java:146)
	at scp.api.SenderReceiverTest$3.receive(SenderReceiverTest.java:143)
	at scp.impl.ReceiverInvoker.lambda$invokeHandler$3(ReceiverInvoker.java:96)
	at scp.impl.ReceiverInvoker$$Lambda$3/1279611766.call(Unknown Source)
	at java.util.concurrent.FutureTask.run(FutureTask.java:266)
	at java.util.concurrent.ThreadPoolExecutor.runWorker(ThreadPoolExecutor.java:1142)
	at java.util.concurrent.ThreadPoolExecutor$Worker.run(ThreadPoolExecutor.java:617)
	... 1 more
[Test worker] INFO scp.targets.vertx.CommunicationManagerImpl - Done setting up vertx eventbus
[Test worker] INFO scp.targets.vertx.CommunicationManagerImpl - Done setting up vertx eventbus
[Test worker] INFO scp.targets.vertx.CommunicationManagerImpl - Done setting up vertx eventbus
[vert.x-eventloop-thread-4] WARN scp.impl.ReceiverInvoker - Timed out handling 1-th reception
[Test worker] INFO scp.targets.vertx.CommunicationManagerImpl - Done setting up vertx eventbus
[vert.x-eventloop-thread-2] ERROR scp.targets.vertx.CommunicationManagerImpl - Vertx Send failed: NO_HANDLERS
[Test worker] WARN scp.impl.SendRequester - Timed out handling 1-th send
[Test worker] WARN scp.impl.SendRequester - Dropping 2-th send
[Test worker] INFO scp.targets.vertx.CommunicationManagerImpl - Done setting up vertx eventbus
]]></system-err>
</testsuite>
