<?xml version="1.0" encoding="UTF-8"?>
<testsuite name="scp.targets.vertx.unclustered.PublisherTest" tests="3" skipped="1" failures="0" errors="0" timestamp="2015-12-04T18:12:54" hostname="Matthews-MacBook-Pro.local" time="0.011">
  <properties/>
  <testcase name="testSuccessfulPublication" classname="scp.targets.vertx.unclustered.PublisherTest" time="0.006"/>
  <testcase name="testFastPublication" classname="scp.targets.vertx.unclustered.PublisherTest" time="0.004"/>
  <testcase name="testPublicationTimeOut" classname="scp.targets.vertx.unclustered.PublisherTest" time="0.001">
    <skipped/>
  </testcase>
  <system-out><![CDATA[]]></system-out>
  <system-err><![CDATA[[Test worker] INFO scp.targets.vertx.CommunicationManagerImpl - Done setting up vertx eventbus
[Test worker] INFO scp.targets.vertx.CommunicationManagerImpl - Done setting up vertx eventbus
[Thread-68] WARN scp.impl.PublishRequester - Dropping 2-th message
[Test worker] INFO scp.targets.vertx.CommunicationManagerImpl - Done setting up vertx eventbus
]]></system-err>
</testsuite>
