<?xml version="1.0" encoding="UTF-8"?>
<testsuite name="scp.api.ResponderConfigurationTest" tests="8" skipped="0" failures="0" errors="0" timestamp="2015-12-05T01:27:08" hostname="DESKTOP-PE2SLM5" time="0.015">
  <properties/>
  <testcase name="testZeroMinimumRemainingLifetime" classname="scp.api.ResponderConfigurationTest" time="0.0"/>
  <testcase name="testZeroMinimumSeparation" classname="scp.api.ResponderConfigurationTest" time="0.0"/>
  <testcase name="testMaximumLatencyEqualOrGreaterThanMinimumSeparation" classname="scp.api.ResponderConfigurationTest" time="0.0"/>
  <testcase name="testEmptyIdentifier" classname="scp.api.ResponderConfigurationTest" time="0.0"/>
  <testcase name="testZeroMaximumLatency" classname="scp.api.ResponderConfigurationTest" time="0.0"/>
  <testcase name="testNullIdentifier" classname="scp.api.ResponderConfigurationTest" time="0.0"/>
  <testcase name="testNullResponder" classname="scp.api.ResponderConfigurationTest" time="0.0"/>
  <testcase name="testSuccessfulCreation" classname="scp.api.ResponderConfigurationTest" time="0.0"/>
  <system-out><![CDATA[]]></system-out>
  <system-err><![CDATA[]]></system-err>
</testsuite>
