<?xml version="1.0" encoding="UTF-8"?>
<testsuite name="scp.api.InitiatorConfigurationTest" tests="7" skipped="0" failures="0" errors="0" timestamp="2015-05-05T08:24:16" hostname="WIN-KNSH90IPO6B" time="0.031">
  <properties/>
  <testcase name="testNullDataType" classname="scp.api.InitiatorConfigurationTest" time="0.0"/>
  <testcase name="testValidConfiguration" classname="scp.api.InitiatorConfigurationTest" time="0.0"/>
  <testcase name="testZeroMinimumSeparation" classname="scp.api.InitiatorConfigurationTest" time="0.0"/>
  <testcase name="testMaximumLatencyGreaterThanOrEqualMinimumSeparation" classname="scp.api.InitiatorConfigurationTest" time="0.0"/>
  <testcase name="testEmptyIdentifier" classname="scp.api.InitiatorConfigurationTest" time="0.0"/>
  <testcase name="testZeroMaximumLatency" classname="scp.api.InitiatorConfigurationTest" time="0.0"/>
  <testcase name="testNullIdentifier" classname="scp.api.InitiatorConfigurationTest" time="0.016"/>
  <system-out><![CDATA[]]></system-out>
  <system-err><![CDATA[]]></system-err>
</testsuite>
