<?xml version="1.0" encoding="UTF-8"?>
<testsuite name="scp.targets.dds.SubscriberTest" tests="4" skipped="0" failures="0" errors="0" timestamp="2015-12-05T01:29:02" hostname="DESKTOP-PE2SLM5" time="18.798">
  <properties/>
  <testcase name="test11SlowPublication" classname="scp.targets.dds.SubscriberTest" time="4.423"/>
  <testcase name="testSlowConsumption" classname="scp.targets.dds.SubscriberTest" time="7.453"/>
  <testcase name="testStaleMessage" classname="scp.targets.dds.SubscriberTest" time="3.453"/>
  <testcase name="test12SuccessfulConsumption" classname="scp.targets.dds.SubscriberTest" time="3.469"/>
  <system-out><![CDATA[]]></system-out>
  <system-err><![CDATA[Dec 04, 2015 7:29:02 PM scp.api.SubscriberTest
INFO: Consumed 40
Dec 04, 2015 7:29:03 PM scp.api.SubscriberTest
INFO: SlowPub
[Thread-260] WARN scp.impl.SubscriberInvoker - Timed out handling 1-th message
[Thread-260] WARN scp.impl.SubscriberInvoker - Timed out handling 2-th message
[Thread-260] WARN scp.impl.SubscriberInvoker - Timed out handling 3-th message
Dec 04, 2015 7:29:09 PM scp.api.SubscriberTest
INFO: SlowCon 3
[Thread-260] WARN scp.impl.SubscriberInvoker - Timed out handling 4-th message
Dec 04, 2015 7:29:10 PM scp.api.SubscriberTest
INFO: SlowCon 4
Dec 04, 2015 7:29:12 PM scp.api.SubscriberTest
INFO: SlowPub
[Thread-269] INFO scp.impl.SubscriberInvoker - Handling stale 1-th message
Dec 04, 2015 7:29:14 PM scp.api.SubscriberTest
INFO: Staled 30
Dec 04, 2015 7:29:17 PM scp.api.SubscriberTest
INFO: SlowPub
Dec 04, 2015 7:29:18 PM scp.api.SubscriberTest
INFO: Consumed 10
Dec 04, 2015 7:29:20 PM scp.api.SubscriberTest
INFO: SlowPub
]]></system-err>
</testsuite>
