<?xml version="1.0" encoding="UTF-8"?>
<testsuite name="scp.targets.vertx.PublisherTest" tests="3" skipped="1" failures="0" errors="0" timestamp="2015-05-08T10:56:56" hostname="Matthews-MacBook-Pro.local" time="0.017">
  <properties/>
  <testcase name="testSuccessfulPublication" classname="scp.targets.vertx.PublisherTest" time="0.005"/>
  <testcase name="testFastPublication" classname="scp.targets.vertx.PublisherTest" time="0.006"/>
  <testcase name="testPublicationTimeOut" classname="scp.targets.vertx.PublisherTest" time="0.004">
    <skipped/>
  </testcase>
  <system-out><![CDATA[]]></system-out>
  <system-err><![CDATA[[Thread-18] WARN scp.impl.PublishRequester - Dropping 2-th message
]]></system-err>
</testsuite>
