<?xml version="1.0" encoding="UTF-8"?>
<testsuite name="scp.targets.mock.SenderReceiverTest" tests="7" skipped="0" failures="0" errors="0" timestamp="2015-12-05T01:29:23" hostname="DESKTOP-PE2SLM5" time="0.938">
  <properties/>
  <testcase name="testExcessLoad" classname="scp.targets.mock.SenderReceiverTest" time="0.251"/>
  <testcase name="testRemoteUnknownFailure" classname="scp.targets.mock.SenderReceiverTest" time="0.125"/>
  <testcase name="testLocalTimeOut" classname="scp.targets.mock.SenderReceiverTest" time="0.014"/>
  <testcase name="testDataAccepted" classname="scp.targets.mock.SenderReceiverTest" time="0.126"/>
  <testcase name="testRemoteTimeOut" classname="scp.targets.mock.SenderReceiverTest" time="0.172"/>
  <testcase name="testFastSend" classname="scp.targets.mock.SenderReceiverTest" time="0.125"/>
  <testcase name="testDataRejected" classname="scp.targets.mock.SenderReceiverTest" time="0.125"/>
  <system-out><![CDATA[]]></system-out>
  <system-err><![CDATA[[pool-109-thread-1] WARN scp.impl.ReceiverInvoker - Dropping 2-th reception
[pool-109-thread-1] ERROR scp.impl.ReceiverInvoker - Failed to handle 1-th reception
java.util.concurrent.ExecutionException: java.lang.RuntimeException: Don't Panic! This exception is good :)
	at java.util.concurrent.FutureTask.report(FutureTask.java:122)
	at java.util.concurrent.FutureTask.get(FutureTask.java:206)
	at scp.impl.ReceiverInvoker.invokeHandler(ReceiverInvoker.java:99)
	at scp.impl.ReceiverInvoker.receive(ReceiverInvoker.java:86)
	at scp.targets.mock.InProcessCommunicationManagerImpl$4.lambda$send$11(InProcessCommunicationManagerImpl.java:171)
	at java.util.concurrent.FutureTask.run(FutureTask.java:266)
	at java.util.concurrent.ThreadPoolExecutor.runWorker(ThreadPoolExecutor.java:1142)
	at java.util.concurrent.ThreadPoolExecutor$Worker.run(ThreadPoolExecutor.java:617)
	at java.lang.Thread.run(Thread.java:745)
Caused by: java.lang.RuntimeException: Don't Panic! This exception is good :)
	at scp.api.SenderReceiverTest$3.receive(SenderReceiverTest.java:146)
	at scp.api.SenderReceiverTest$3.receive(SenderReceiverTest.java:143)
	at scp.impl.ReceiverInvoker.lambda$invokeHandler$3(ReceiverInvoker.java:96)
	... 4 more
[Test worker] WARN scp.impl.SendRequester - Timed out handling 1-th send
[pool-109-thread-1] WARN scp.impl.ReceiverInvoker - Timed out handling 1-th reception
[Test worker] WARN scp.impl.SendRequester - Dropping 2-th send
]]></system-err>
</testsuite>
