<?xml version="1.0" encoding="UTF-8"?>
<testsuite name="scp.api.ExecutorConfigurationTest" tests="6" skipped="0" failures="0" errors="0" timestamp="2015-12-04T18:12:18" hostname="Matthews-MacBook-Pro.local" time="0.007">
  <properties/>
  <testcase name="testValidConfiguration" classname="scp.api.ExecutorConfigurationTest" time="0.002"/>
  <testcase name="testZeroMinimumSeparation" classname="scp.api.ExecutorConfigurationTest" time="0.0"/>
  <testcase name="testMaximumLatencyGreaterThanOrEqualMinimumSeparation" classname="scp.api.ExecutorConfigurationTest" time="0.001"/>
  <testcase name="testEmptyIdentifier" classname="scp.api.ExecutorConfigurationTest" time="0.0"/>
  <testcase name="testNullIdentifier" classname="scp.api.ExecutorConfigurationTest" time="0.0"/>
  <testcase name="testNullHandler" classname="scp.api.ExecutorConfigurationTest" time="0.0"/>
  <system-out><![CDATA[]]></system-out>
  <system-err><![CDATA[]]></system-err>
</testsuite>
