<?xml version="1.0" encoding="UTF-8"?>
<testsuite name="scp.api.ReceiverConfigurationTest" tests="6" skipped="0" failures="0" errors="0" timestamp="2015-05-08T10:56:46" hostname="Matthews-MacBook-Pro.local" time="0.017">
  <properties/>
  <testcase name="testValidConfiguration" classname="scp.api.ReceiverConfigurationTest" time="0.001"/>
  <testcase name="testZeroMinimumSeparation" classname="scp.api.ReceiverConfigurationTest" time="0.0"/>
  <testcase name="testMaximumLatencyGreaterThanOrEqualMinimumSeparation" classname="scp.api.ReceiverConfigurationTest" time="0.004"/>
  <testcase name="testEmptyIdentifier" classname="scp.api.ReceiverConfigurationTest" time="0.001"/>
  <testcase name="testNullIdentifier" classname="scp.api.ReceiverConfigurationTest" time="0.0"/>
  <testcase name="testNullHandler" classname="scp.api.ReceiverConfigurationTest" time="0.003"/>
  <system-out><![CDATA[]]></system-out>
  <system-err><![CDATA[]]></system-err>
</testsuite>
