<?xml version="1.0" encoding="UTF-8"?>
<testsuite name="scp.targets.mock.PublisherTest" tests="3" skipped="0" failures="0" errors="0" timestamp="2015-05-08T10:56:48" hostname="Matthews-MacBook-Pro.local" time="0.078">
  <properties/>
  <testcase name="testSuccessfulPublication" classname="scp.targets.mock.PublisherTest" time="0.036"/>
  <testcase name="testFastPublication" classname="scp.targets.mock.PublisherTest" time="0.024"/>
  <testcase name="testPublicationTimeOut" classname="scp.targets.mock.PublisherTest" time="0.016"/>
  <system-out><![CDATA[]]></system-out>
  <system-err><![CDATA[[Thread-6] WARN scp.impl.PublishRequester - Dropping 2-th message
[Thread-7] WARN scp.impl.PublishRequester - Timed out handling 1-th message
]]></system-err>
</testsuite>
