<?xml version="1.0" encoding="UTF-8"?>
<testsuite name="scp.targets.dds.SubscriberTest" tests="4" skipped="0" failures="0" errors="0" timestamp="2015-11-30T21:44:34" hostname="DESKTOP-PE2SLM5" time="17.759">
  <properties/>
  <testcase name="testSlowConsumption" classname="scp.targets.dds.SubscriberTest" time="7.447"/>
  <testcase name="testSlowPublication" classname="scp.targets.dds.SubscriberTest" time="3.422"/>
  <testcase name="testStaleMessage" classname="scp.targets.dds.SubscriberTest" time="3.452"/>
  <testcase name="testSuccessfulConsumption" classname="scp.targets.dds.SubscriberTest" time="3.438"/>
  <system-out><![CDATA[]]></system-out>
  <system-err><![CDATA[[Thread-250] WARN scp.impl.SubscriberInvoker - Timed out handling 1-th message
[Thread-250] WARN scp.impl.SubscriberInvoker - Timed out handling 2-th message
[Thread-250] WARN scp.impl.SubscriberInvoker - Timed out handling 3-th message
[Thread-250] WARN scp.impl.SubscriberInvoker - Timed out handling 4-th message
[Thread-269] INFO scp.impl.SubscriberInvoker - Handling stale 1-th message
]]></system-err>
</testsuite>
