<?xml version="1.0" encoding="UTF-8"?>
<testsuite name="scp.targets.vertx.unclustered.CommunicationManagerImplTest" tests="8" skipped="0" failures="0" errors="0" timestamp="2015-12-04T18:12:54" hostname="Matthews-MacBook-Pro.local" time="0.002">
  <properties/>
  <testcase name="testCreateRequesterSuccess" classname="scp.targets.vertx.unclustered.CommunicationManagerImplTest" time="0.0"/>
  <testcase name="testCreateInitiatorSuccess" classname="scp.targets.vertx.unclustered.CommunicationManagerImplTest" time="0.001"/>
  <testcase name="testCreateSenderSuccess" classname="scp.targets.vertx.unclustered.CommunicationManagerImplTest" time="0.0"/>
  <testcase name="testRegisterExecutorSuccess" classname="scp.targets.vertx.unclustered.CommunicationManagerImplTest" time="0.0"/>
  <testcase name="testRegisterResponderSuccess" classname="scp.targets.vertx.unclustered.CommunicationManagerImplTest" time="0.0"/>
  <testcase name="testRegisterReceiverSuccess" classname="scp.targets.vertx.unclustered.CommunicationManagerImplTest" time="0.0"/>
  <testcase name="testRegisterSubscriberSuccess" classname="scp.targets.vertx.unclustered.CommunicationManagerImplTest" time="0.001"/>
  <testcase name="testCreatePublisherSuccess" classname="scp.targets.vertx.unclustered.CommunicationManagerImplTest" time="0.0"/>
  <system-out><![CDATA[]]></system-out>
  <system-err><![CDATA[[Test worker] INFO scp.targets.vertx.CommunicationManagerImpl - Done setting up vertx eventbus
[Test worker] INFO scp.targets.vertx.CommunicationManagerImpl - Done setting up vertx eventbus
[Test worker] INFO scp.targets.vertx.CommunicationManagerImpl - Done setting up vertx eventbus
[Test worker] INFO scp.targets.vertx.CommunicationManagerImpl - Done setting up vertx eventbus
[Test worker] INFO scp.targets.vertx.CommunicationManagerImpl - Done setting up vertx eventbus
[Test worker] INFO scp.targets.vertx.CommunicationManagerImpl - Done setting up vertx eventbus
[Test worker] INFO scp.targets.vertx.CommunicationManagerImpl - Done setting up vertx eventbus
[Test worker] INFO scp.targets.vertx.CommunicationManagerImpl - Done setting up vertx eventbus
]]></system-err>
</testsuite>
