<?xml version="1.0" encoding="UTF-8"?>
<testsuite name="scp.targets.mock.InProcessCommunicationManagerImplTest" tests="8" skipped="0" failures="0" errors="0" timestamp="2015-11-19T22:54:55" hostname="DESKTOP-PE2SLM5" time="0.046">
  <properties/>
  <testcase name="testCreateRequesterSuccess" classname="scp.targets.mock.InProcessCommunicationManagerImplTest" time="0.0"/>
  <testcase name="testCreateInitiatorSuccess" classname="scp.targets.mock.InProcessCommunicationManagerImplTest" time="0.0"/>
  <testcase name="testCreateSenderSuccess" classname="scp.targets.mock.InProcessCommunicationManagerImplTest" time="0.0"/>
  <testcase name="testRegisterExecutorSuccess" classname="scp.targets.mock.InProcessCommunicationManagerImplTest" time="0.0"/>
  <testcase name="testRegisterResponderSuccess" classname="scp.targets.mock.InProcessCommunicationManagerImplTest" time="0.0"/>
  <testcase name="testRegisterReceiverSuccess" classname="scp.targets.mock.InProcessCommunicationManagerImplTest" time="0.0"/>
  <testcase name="testRegisterSubscriberSuccess" classname="scp.targets.mock.InProcessCommunicationManagerImplTest" time="0.016"/>
  <testcase name="testCreatePublisherSuccess" classname="scp.targets.mock.InProcessCommunicationManagerImplTest" time="0.015"/>
  <system-out><![CDATA[]]></system-out>
  <system-err><![CDATA[]]></system-err>
</testsuite>
