<?xml version="1.0" encoding="UTF-8"?>
<testsuite name="scp.targets.vertx.clustered.CommunicationManagerImplTest" tests="8" skipped="0" failures="0" errors="0" timestamp="2015-12-04T18:12:31" hostname="Matthews-MacBook-Pro.local" time="0.019">
  <properties/>
  <testcase name="testCreateRequesterSuccess" classname="scp.targets.vertx.clustered.CommunicationManagerImplTest" time="0.001"/>
  <testcase name="testCreateInitiatorSuccess" classname="scp.targets.vertx.clustered.CommunicationManagerImplTest" time="0.002"/>
  <testcase name="testCreateSenderSuccess" classname="scp.targets.vertx.clustered.CommunicationManagerImplTest" time="0.001"/>
  <testcase name="testRegisterExecutorSuccess" classname="scp.targets.vertx.clustered.CommunicationManagerImplTest" time="0.005"/>
  <testcase name="testRegisterResponderSuccess" classname="scp.targets.vertx.clustered.CommunicationManagerImplTest" time="0.001"/>
  <testcase name="testRegisterReceiverSuccess" classname="scp.targets.vertx.clustered.CommunicationManagerImplTest" time="0.002"/>
  <testcase name="testRegisterSubscriberSuccess" classname="scp.targets.vertx.clustered.CommunicationManagerImplTest" time="0.003"/>
  <testcase name="testCreatePublisherSuccess" classname="scp.targets.vertx.clustered.CommunicationManagerImplTest" time="0.002"/>
  <system-out><![CDATA[]]></system-out>
  <system-err><![CDATA[Dec 04, 2015 12:12:27 PM com.hazelcast.config.AbstractXmlConfigHelper
WARNING: Name of the hazelcast schema location incorrect using default
Dec 04, 2015 12:12:27 PM com.hazelcast.instance.DefaultAddressPicker
INFO: [LOCAL] [dev] [3.5.2] Prefer IPv4 stack is true.
Dec 04, 2015 12:12:27 PM com.hazelcast.instance.DefaultAddressPicker
INFO: [LOCAL] [dev] [3.5.2] Picked Address[192.168.1.2]:5701, using socket ServerSocket[addr=/0:0:0:0:0:0:0:0,localport=5701], bind any local is true
Dec 04, 2015 12:12:28 PM scp.api.SubscriberTest
INFO: SlowPub
Dec 04, 2015 12:12:28 PM com.hazelcast.spi.OperationService
INFO: [192.168.1.2]:5701 [dev] [3.5.2] Backpressure is disabled
Dec 04, 2015 12:12:28 PM com.hazelcast.spi.impl.operationexecutor.classic.ClassicOperationExecutor
INFO: [192.168.1.2]:5701 [dev] [3.5.2] Starting with 2 generic operation threads and 4 partition operation threads.
Dec 04, 2015 12:12:28 PM com.hazelcast.system
INFO: [192.168.1.2]:5701 [dev] [3.5.2] Hazelcast 3.5.2 (20150826 - ba8dbba) starting at Address[192.168.1.2]:5701
Dec 04, 2015 12:12:28 PM com.hazelcast.system
INFO: [192.168.1.2]:5701 [dev] [3.5.2] Copyright (c) 2008-2015, Hazelcast, Inc. All Rights Reserved.
Dec 04, 2015 12:12:28 PM com.hazelcast.instance.Node
INFO: [192.168.1.2]:5701 [dev] [3.5.2] Creating MulticastJoiner
Dec 04, 2015 12:12:28 PM com.hazelcast.core.LifecycleService
INFO: [192.168.1.2]:5701 [dev] [3.5.2] Address[192.168.1.2]:5701 is STARTING
Dec 04, 2015 12:12:29 PM scp.api.SubscriberTest
INFO: SlowPub
Dec 04, 2015 12:12:30 PM scp.api.SubscriberTest
INFO: SlowPub
Dec 04, 2015 12:12:31 PM com.hazelcast.cluster.impl.MulticastJoiner
INFO: [192.168.1.2]:5701 [dev] [3.5.2] 


Members [1] {
	Member [192.168.1.2]:5701 this
}

Dec 04, 2015 12:12:31 PM com.hazelcast.core.LifecycleService
INFO: [192.168.1.2]:5701 [dev] [3.5.2] Address[192.168.1.2]:5701 is STARTED
Dec 04, 2015 12:12:31 PM com.hazelcast.partition.InternalPartitionService
INFO: [192.168.1.2]:5701 [dev] [3.5.2] Initializing cluster partition table first arrangement...
[vert.x-eventloop-thread-0] INFO scp.targets.vertx.CommunicationManagerImpl - Vertx creation succeeded
[Test worker] INFO scp.targets.vertx.CommunicationManagerImpl - Done setting up vertx eventbus
[Test worker] INFO scp.targets.vertx.CommunicationManagerImpl - Done setting up vertx eventbus
[Test worker] INFO scp.targets.vertx.CommunicationManagerImpl - Done setting up vertx eventbus
[Test worker] INFO scp.targets.vertx.CommunicationManagerImpl - Done setting up vertx eventbus
[Test worker] INFO scp.targets.vertx.CommunicationManagerImpl - Done setting up vertx eventbus
[Test worker] INFO scp.targets.vertx.CommunicationManagerImpl - Done setting up vertx eventbus
[Test worker] INFO scp.targets.vertx.CommunicationManagerImpl - Done setting up vertx eventbus
[Test worker] INFO scp.targets.vertx.CommunicationManagerImpl - Done setting up vertx eventbus
]]></system-err>
</testsuite>
