<?xml version="1.0" encoding="UTF-8"?>
<testsuite name="scp.targets.vertx.clustered.PublisherTest" tests="3" skipped="1" failures="0" errors="0" timestamp="2015-12-05T01:29:44" hostname="DESKTOP-PE2SLM5" time="0.031">
  <properties/>
  <testcase name="testSuccessfulPublication" classname="scp.targets.vertx.clustered.PublisherTest" time="0.015"/>
  <testcase name="testFastPublication" classname="scp.targets.vertx.clustered.PublisherTest" time="0.0"/>
  <testcase name="testPublicationTimeOut" classname="scp.targets.vertx.clustered.PublisherTest" time="0.016">
    <skipped/>
  </testcase>
  <system-out><![CDATA[]]></system-out>
  <system-err><![CDATA[Dec 04, 2015 7:29:41 PM com.hazelcast.config.AbstractXmlConfigHelper
WARNING: Name of the hazelcast schema location incorrect using default
Dec 04, 2015 7:29:41 PM com.hazelcast.instance.DefaultAddressPicker
INFO: [LOCAL] [dev] [3.5.2] Prefer IPv4 stack is true.
Dec 04, 2015 7:29:41 PM com.hazelcast.instance.DefaultAddressPicker
INFO: [LOCAL] [dev] [3.5.2] Picked Address[10.211.55.6]:5704, using socket ServerSocket[addr=/0:0:0:0:0:0:0:0,localport=5704], bind any local is true
Dec 04, 2015 7:29:41 PM com.hazelcast.spi.OperationService
INFO: [10.211.55.6]:5704 [dev] [3.5.2] Backpressure is disabled
Dec 04, 2015 7:29:41 PM com.hazelcast.spi.impl.operationexecutor.classic.ClassicOperationExecutor
INFO: [10.211.55.6]:5704 [dev] [3.5.2] Starting with 2 generic operation threads and 2 partition operation threads.
Dec 04, 2015 7:29:41 PM com.hazelcast.system
INFO: [10.211.55.6]:5704 [dev] [3.5.2] Hazelcast 3.5.2 (20150826 - ba8dbba) starting at Address[10.211.55.6]:5704
Dec 04, 2015 7:29:41 PM com.hazelcast.system
INFO: [10.211.55.6]:5704 [dev] [3.5.2] Copyright (c) 2008-2015, Hazelcast, Inc. All Rights Reserved.
Dec 04, 2015 7:29:41 PM com.hazelcast.instance.Node
INFO: [10.211.55.6]:5704 [dev] [3.5.2] Creating MulticastJoiner
Dec 04, 2015 7:29:41 PM com.hazelcast.core.LifecycleService
INFO: [10.211.55.6]:5704 [dev] [3.5.2] Address[10.211.55.6]:5704 is STARTING
Dec 04, 2015 7:29:41 PM com.hazelcast.cluster.impl.MulticastJoiner
INFO: [10.211.55.6]:5704 [dev] [3.5.2] Trying to join to discovered node: Address[10.211.55.6]:5701
Dec 04, 2015 7:29:41 PM com.hazelcast.nio.tcp.SocketConnector
INFO: [10.211.55.6]:5704 [dev] [3.5.2] Connecting to /10.211.55.6:5701, timeout: 0, bind-any: true
Dec 04, 2015 7:29:41 PM com.hazelcast.nio.tcp.SocketAcceptor
INFO: [10.211.55.6]:5701 [dev] [3.5.2] Accepting socket connection from /10.211.55.6:50319
Dec 04, 2015 7:29:41 PM com.hazelcast.nio.tcp.TcpIpConnectionManager
INFO: [10.211.55.6]:5701 [dev] [3.5.2] Established socket connection between /10.211.55.6:5701
Dec 04, 2015 7:29:41 PM com.hazelcast.nio.tcp.TcpIpConnectionManager
INFO: [10.211.55.6]:5704 [dev] [3.5.2] Established socket connection between /10.211.55.6:50319
Dec 04, 2015 7:29:42 PM com.hazelcast.cluster.ClusterService
INFO: [10.211.55.6]:5701 [dev] [3.5.2] 

Members [3] {
	Member [10.211.55.6]:5701 this
	Member [10.211.55.6]:5703
	Member [10.211.55.6]:5704
}

Dec 04, 2015 7:29:42 PM com.hazelcast.cluster.ClusterService
INFO: [10.211.55.6]:5704 [dev] [3.5.2] 

Members [3] {
	Member [10.211.55.6]:5701
	Member [10.211.55.6]:5703
	Member [10.211.55.6]:5704 this
}

Dec 04, 2015 7:29:42 PM com.hazelcast.cluster.ClusterService
INFO: [10.211.55.6]:5703 [dev] [3.5.2] 

Members [3] {
	Member [10.211.55.6]:5701
	Member [10.211.55.6]:5703 this
	Member [10.211.55.6]:5704
}

Dec 04, 2015 7:29:42 PM com.hazelcast.nio.tcp.SocketConnector
INFO: [10.211.55.6]:5704 [dev] [3.5.2] Connecting to /10.211.55.6:5703, timeout: 0, bind-any: true
Dec 04, 2015 7:29:42 PM com.hazelcast.nio.tcp.SocketAcceptor
INFO: [10.211.55.6]:5703 [dev] [3.5.2] Accepting socket connection from /10.211.55.6:50320
Dec 04, 2015 7:29:42 PM com.hazelcast.nio.tcp.TcpIpConnectionManager
INFO: [10.211.55.6]:5704 [dev] [3.5.2] Established socket connection between /10.211.55.6:50320
Dec 04, 2015 7:29:42 PM com.hazelcast.nio.tcp.SocketConnector
INFO: [10.211.55.6]:5703 [dev] [3.5.2] Connecting to /10.211.55.6:5704, timeout: 0, bind-any: true
Dec 04, 2015 7:29:42 PM com.hazelcast.nio.tcp.SocketAcceptor
INFO: [10.211.55.6]:5704 [dev] [3.5.2] Accepting socket connection from /10.211.55.6:50321
Dec 04, 2015 7:29:42 PM com.hazelcast.nio.tcp.TcpIpConnectionManager
INFO: [10.211.55.6]:5703 [dev] [3.5.2] Established socket connection between /10.211.55.6:50321
Dec 04, 2015 7:29:42 PM com.hazelcast.nio.tcp.TcpIpConnectionManager
INFO: [10.211.55.6]:5703 [dev] [3.5.2] Established socket connection between /10.211.55.6:5703
Dec 04, 2015 7:29:42 PM com.hazelcast.nio.tcp.TcpIpConnectionManager
INFO: [10.211.55.6]:5704 [dev] [3.5.2] Established socket connection between /10.211.55.6:5704
Dec 04, 2015 7:29:42 PM com.hazelcast.partition.InternalPartitionService
INFO: [10.211.55.6]:5701 [dev] [3.5.2] Re-partitioning cluster data... Migration queue size: 90
Dec 04, 2015 7:29:44 PM com.hazelcast.partition.InternalPartitionService
INFO: [10.211.55.6]:5701 [dev] [3.5.2] All migration tasks have been completed, queues are empty.
Dec 04, 2015 7:29:44 PM com.hazelcast.instance.Node
WARNING: [10.211.55.6]:5704 [dev] [3.5.2] Config seed port is 5701 and cluster size is 3. Some of the ports seem occupied!
Dec 04, 2015 7:29:44 PM com.hazelcast.core.LifecycleService
INFO: [10.211.55.6]:5704 [dev] [3.5.2] Address[10.211.55.6]:5704 is STARTED
[vert.x-eventloop-thread-0] INFO scp.targets.vertx.CommunicationManagerImpl - Vertx creation succeeded
[Test worker] INFO scp.targets.vertx.CommunicationManagerImpl - Done setting up vertx eventbus
[Test worker] INFO scp.targets.vertx.CommunicationManagerImpl - Done setting up vertx eventbus
[Thread-308] WARN scp.impl.PublishRequester - Dropping 2-th message
[Test worker] INFO scp.targets.vertx.CommunicationManagerImpl - Done setting up vertx eventbus
]]></system-err>
</testsuite>
