<?xml version="1.0" encoding="UTF-8"?>
<testsuite name="scp.targets.mock.SubscriberTest" tests="4" skipped="0" failures="0" errors="0" timestamp="2015-12-05T01:29:24" hostname="DESKTOP-PE2SLM5" time="5.266">
  <properties/>
  <testcase name="test11SlowPublication" classname="scp.targets.mock.SubscriberTest" time="1.015"/>
  <testcase name="testSlowConsumption" classname="scp.targets.mock.SubscriberTest" time="4.187"/>
  <testcase name="testStaleMessage" classname="scp.targets.mock.SubscriberTest" time="0.032"/>
  <testcase name="test12SuccessfulConsumption" classname="scp.targets.mock.SubscriberTest" time="0.032"/>
  <system-out><![CDATA[]]></system-out>
  <system-err><![CDATA[Dec 04, 2015 7:29:24 PM scp.api.SubscriberTest
INFO: Consumed 40
Dec 04, 2015 7:29:25 PM scp.api.SubscriberTest
INFO: SlowPub
[pool-125-thread-1] WARN scp.impl.SubscriberInvoker - Timed out handling 1-th message
[pool-125-thread-1] WARN scp.impl.SubscriberInvoker - Timed out handling 2-th message
[pool-125-thread-1] WARN scp.impl.SubscriberInvoker - Timed out handling 3-th message
Dec 04, 2015 7:29:27 PM scp.api.SubscriberTest
INFO: SlowCon 3
[pool-125-thread-1] WARN scp.impl.SubscriberInvoker - Timed out handling 4-th message
Dec 04, 2015 7:29:28 PM scp.api.SubscriberTest
INFO: SlowCon 4
[pool-125-thread-1] INFO scp.impl.SubscriberInvoker - Handling stale 1-th message
Dec 04, 2015 7:29:29 PM scp.api.SubscriberTest
INFO: Staled 30
Dec 04, 2015 7:29:29 PM scp.api.SubscriberTest
INFO: Consumed 10
]]></system-err>
</testsuite>
