<?xml version="1.0" encoding="UTF-8"?>
<testsuite name="scp.targets.vertx.PublisherTest" tests="3" skipped="1" failures="0" errors="0" timestamp="2015-11-19T22:55:04" hostname="DESKTOP-PE2SLM5" time="0.031">
  <properties/>
  <testcase name="testSuccessfulPublication" classname="scp.targets.vertx.PublisherTest" time="0.016"/>
  <testcase name="testFastPublication" classname="scp.targets.vertx.PublisherTest" time="0.015"/>
  <testcase name="testPublicationTimeOut" classname="scp.targets.vertx.PublisherTest" time="0.0">
    <skipped/>
  </testcase>
  <system-out><![CDATA[]]></system-out>
  <system-err><![CDATA[[Thread-18] WARN scp.impl.PublishRequester - Dropping 2-th message
]]></system-err>
</testsuite>
