<?xml version="1.0" encoding="UTF-8"?>
<testsuite name="scp.api.SubscriberConfigurationTest" tests="11" skipped="0" failures="0" errors="0" timestamp="2015-05-05T08:24:17" hostname="WIN-KNSH90IPO6B" time="0.047">
  <properties/>
  <testcase name="testZeroMinimumRemainingLifetime" classname="scp.api.SubscriberConfigurationTest" time="0.0"/>
  <testcase name="testZeroMinimumSeparation" classname="scp.api.SubscriberConfigurationTest" time="0.0"/>
  <testcase name="testMaximumLatencyGreaterThanOrEqualMinimumSeparation" classname="scp.api.SubscriberConfigurationTest" time="0.0"/>
  <testcase name="testZeroConsumptionTolerance" classname="scp.api.SubscriberConfigurationTest" time="0.0"/>
  <testcase name="testNullTopicName" classname="scp.api.SubscriberConfigurationTest" time="0.0"/>
  <testcase name="testZeroMaximumLatency" classname="scp.api.SubscriberConfigurationTest" time="0.0"/>
  <testcase name="testZeroMaximumSeparation" classname="scp.api.SubscriberConfigurationTest" time="0.0"/>
  <testcase name="testEmptyTopicName" classname="scp.api.SubscriberConfigurationTest" time="0.0"/>
  <testcase name="testNullHandler" classname="scp.api.SubscriberConfigurationTest" time="0.0"/>
  <testcase name="testSuccessfulCreation" classname="scp.api.SubscriberConfigurationTest" time="0.0"/>
  <testcase name="testMinimumSeparationGreaterThanOrEqualMaximumSeparation" classname="scp.api.SubscriberConfigurationTest" time="0.0"/>
  <system-out><![CDATA[]]></system-out>
  <system-err><![CDATA[]]></system-err>
</testsuite>
