<?xml version="1.0" encoding="UTF-8"?>
<testsuite name="scp.targets.dds.PublisherTest" tests="3" skipped="1" failures="0" errors="0" timestamp="2015-12-05T01:28:03" hostname="DESKTOP-PE2SLM5" time="10.297">
  <properties/>
  <testcase name="testSuccessfulPublication" classname="scp.targets.dds.PublisherTest" time="3.437"/>
  <testcase name="testFastPublication" classname="scp.targets.dds.PublisherTest" time="3.422"/>
  <testcase name="testPublicationTimeOut" classname="scp.targets.dds.PublisherTest" time="3.438">
    <skipped/>
  </testcase>
  <system-out><![CDATA[]]></system-out>
  <system-err><![CDATA[[Thread-132] WARN scp.impl.PublishRequester - Dropping 2-th message
]]></system-err>
</testsuite>
