<?xml version="1.0" encoding="UTF-8"?>
<testsuite name="scp.targets.mock.PublisherTest" tests="3" skipped="0" failures="0" errors="0" timestamp="2015-05-05T08:24:20" hostname="WIN-KNSH90IPO6B" time="0.125">
  <properties/>
  <testcase name="testSuccessfulPublication" classname="scp.targets.mock.PublisherTest" time="0.062"/>
  <testcase name="testFastPublication" classname="scp.targets.mock.PublisherTest" time="0.031"/>
  <testcase name="testPublicationTimeOut" classname="scp.targets.mock.PublisherTest" time="0.032"/>
  <system-out><![CDATA[]]></system-out>
  <system-err><![CDATA[[Thread-6] WARN scp.impl.PublishRequester - Dropping 2-th message
[Thread-7] WARN scp.impl.PublishRequester - Timed out handling 1-th message
]]></system-err>
</testsuite>
