<?xml version="1.0" encoding="UTF-8"?>
<testsuite name="scp.api.RequesterConfigurationTest" tests="8" skipped="0" failures="0" errors="0" timestamp="2015-11-30T21:42:46" hostname="DESKTOP-PE2SLM5" time="0.015">
  <properties/>
  <testcase name="testNullDataType" classname="scp.api.RequesterConfigurationTest" time="0.0"/>
  <testcase name="testZeroMinimumRemainingLifetime" classname="scp.api.RequesterConfigurationTest" time="0.0"/>
  <testcase name="testValidConfiguration" classname="scp.api.RequesterConfigurationTest" time="0.0"/>
  <testcase name="testZeroMinimumSeparation" classname="scp.api.RequesterConfigurationTest" time="0.0"/>
  <testcase name="testMaximumLatencyGreaterThanOrEqualMinimumSeparation" classname="scp.api.RequesterConfigurationTest" time="0.0"/>
  <testcase name="testZeroMaximumLatency" classname="scp.api.RequesterConfigurationTest" time="0.0"/>
  <testcase name="testEmptyResponderIdentifier" classname="scp.api.RequesterConfigurationTest" time="0.0"/>
  <testcase name="testNullResponderIdentifier" classname="scp.api.RequesterConfigurationTest" time="0.0"/>
  <system-out><![CDATA[]]></system-out>
  <system-err><![CDATA[]]></system-err>
</testsuite>
