<?xml version="1.0" encoding="UTF-8"?>
<testsuite name="scp.targets.vertx.unclustered.PublisherTest" tests="3" skipped="1" failures="0" errors="0" timestamp="2015-12-05T01:30:04" hostname="DESKTOP-PE2SLM5" time="0.015">
  <properties/>
  <testcase name="testSuccessfulPublication" classname="scp.targets.vertx.unclustered.PublisherTest" time="0.015"/>
  <testcase name="testFastPublication" classname="scp.targets.vertx.unclustered.PublisherTest" time="0.0"/>
  <testcase name="testPublicationTimeOut" classname="scp.targets.vertx.unclustered.PublisherTest" time="0.0">
    <skipped/>
  </testcase>
  <system-out><![CDATA[]]></system-out>
  <system-err><![CDATA[[Test worker] INFO scp.targets.vertx.CommunicationManagerImpl - Done setting up vertx eventbus
[Test worker] INFO scp.targets.vertx.CommunicationManagerImpl - Done setting up vertx eventbus
[Thread-346] WARN scp.impl.PublishRequester - Dropping 2-th message
[Test worker] INFO scp.targets.vertx.CommunicationManagerImpl - Done setting up vertx eventbus
]]></system-err>
</testsuite>
