<?xml version="1.0" encoding="UTF-8"?>
<testsuite name="scp.targets.vertx.CommunicationManagerImplTest" tests="8" skipped="0" failures="0" errors="0" timestamp="2015-03-11T09:32:27" hostname="Matthews-MacBook-Pro.local" time="0.024">
  <properties/>
  <testcase name="testCreateRequesterSuccess" classname="scp.targets.vertx.CommunicationManagerImplTest" time="0.005"/>
  <testcase name="testCreateInitiatorSuccess" classname="scp.targets.vertx.CommunicationManagerImplTest" time="0.002"/>
  <testcase name="testCreateSenderSuccess" classname="scp.targets.vertx.CommunicationManagerImplTest" time="0.001"/>
  <testcase name="testRegisterExecutorSuccess" classname="scp.targets.vertx.CommunicationManagerImplTest" time="0.007"/>
  <testcase name="testRegisterResponderSuccess" classname="scp.targets.vertx.CommunicationManagerImplTest" time="0.002"/>
  <testcase name="testRegisterReceiverSuccess" classname="scp.targets.vertx.CommunicationManagerImplTest" time="0.001"/>
  <testcase name="testRegisterSubscriberSuccess" classname="scp.targets.vertx.CommunicationManagerImplTest" time="0.001"/>
  <testcase name="testCreatePublisherSuccess" classname="scp.targets.vertx.CommunicationManagerImplTest" time="0.003"/>
  <system-out><![CDATA[]]></system-out>
  <system-err><![CDATA[]]></system-err>
</testsuite>
