<?xml version="1.0" encoding="UTF-8"?>
<testsuite name="scp.targets.vertx.clustered.SubscriberTest" tests="4" skipped="0" failures="0" errors="0" timestamp="2015-12-05T01:29:59" hostname="DESKTOP-PE2SLM5" time="5.047">
  <properties/>
  <testcase name="test11SlowPublication" classname="scp.targets.vertx.clustered.SubscriberTest" time="1.017"/>
  <testcase name="testSlowConsumption" classname="scp.targets.vertx.clustered.SubscriberTest" time="4.015"/>
  <testcase name="testStaleMessage" classname="scp.targets.vertx.clustered.SubscriberTest" time="0.015"/>
  <testcase name="test12SuccessfulConsumption" classname="scp.targets.vertx.clustered.SubscriberTest" time="0.0"/>
  <system-out><![CDATA[]]></system-out>
  <system-err><![CDATA[Dec 04, 2015 7:29:55 PM com.hazelcast.config.AbstractXmlConfigHelper
WARNING: Name of the hazelcast schema location incorrect using default
Dec 04, 2015 7:29:55 PM com.hazelcast.instance.DefaultAddressPicker
INFO: [LOCAL] [dev] [3.5.2] Prefer IPv4 stack is true.
Dec 04, 2015 7:29:55 PM com.hazelcast.instance.DefaultAddressPicker
INFO: [LOCAL] [dev] [3.5.2] Picked Address[10.211.55.6]:5707, using socket ServerSocket[addr=/0:0:0:0:0:0:0:0,localport=5707], bind any local is true
Dec 04, 2015 7:29:55 PM com.hazelcast.spi.OperationService
INFO: [10.211.55.6]:5707 [dev] [3.5.2] Backpressure is disabled
Dec 04, 2015 7:29:55 PM com.hazelcast.spi.impl.operationexecutor.classic.ClassicOperationExecutor
INFO: [10.211.55.6]:5707 [dev] [3.5.2] Starting with 2 generic operation threads and 2 partition operation threads.
Dec 04, 2015 7:29:55 PM com.hazelcast.system
INFO: [10.211.55.6]:5707 [dev] [3.5.2] Hazelcast 3.5.2 (20150826 - ba8dbba) starting at Address[10.211.55.6]:5707
Dec 04, 2015 7:29:55 PM com.hazelcast.system
INFO: [10.211.55.6]:5707 [dev] [3.5.2] Copyright (c) 2008-2015, Hazelcast, Inc. All Rights Reserved.
Dec 04, 2015 7:29:55 PM com.hazelcast.instance.Node
INFO: [10.211.55.6]:5707 [dev] [3.5.2] Creating MulticastJoiner
Dec 04, 2015 7:29:55 PM com.hazelcast.core.LifecycleService
INFO: [10.211.55.6]:5707 [dev] [3.5.2] Address[10.211.55.6]:5707 is STARTING
Dec 04, 2015 7:29:55 PM com.hazelcast.cluster.impl.MulticastJoiner
INFO: [10.211.55.6]:5707 [dev] [3.5.2] Trying to join to discovered node: Address[10.211.55.6]:5701
Dec 04, 2015 7:29:55 PM com.hazelcast.nio.tcp.SocketConnector
INFO: [10.211.55.6]:5707 [dev] [3.5.2] Connecting to /10.211.55.6:5701, timeout: 0, bind-any: true
Dec 04, 2015 7:29:55 PM com.hazelcast.nio.tcp.SocketAcceptor
INFO: [10.211.55.6]:5701 [dev] [3.5.2] Accepting socket connection from /10.211.55.6:50461
Dec 04, 2015 7:29:55 PM com.hazelcast.nio.tcp.TcpIpConnectionManager
INFO: [10.211.55.6]:5701 [dev] [3.5.2] Established socket connection between /10.211.55.6:5701
Dec 04, 2015 7:29:55 PM com.hazelcast.nio.tcp.TcpIpConnectionManager
INFO: [10.211.55.6]:5707 [dev] [3.5.2] Established socket connection between /10.211.55.6:50461
Dec 04, 2015 7:29:57 PM com.hazelcast.cluster.ClusterService
INFO: [10.211.55.6]:5707 [dev] [3.5.2] 

Members [6] {
	Member [10.211.55.6]:5701
	Member [10.211.55.6]:5703
	Member [10.211.55.6]:5704
	Member [10.211.55.6]:5705
	Member [10.211.55.6]:5706
	Member [10.211.55.6]:5707 this
}

Dec 04, 2015 7:29:57 PM com.hazelcast.cluster.ClusterService
INFO: [10.211.55.6]:5701 [dev] [3.5.2] 

Members [6] {
	Member [10.211.55.6]:5701 this
	Member [10.211.55.6]:5703
	Member [10.211.55.6]:5704
	Member [10.211.55.6]:5705
	Member [10.211.55.6]:5706
	Member [10.211.55.6]:5707
}

Dec 04, 2015 7:29:57 PM com.hazelcast.nio.tcp.SocketConnector
INFO: [10.211.55.6]:5707 [dev] [3.5.2] Connecting to /10.211.55.6:5703, timeout: 0, bind-any: true
Dec 04, 2015 7:29:57 PM com.hazelcast.nio.tcp.SocketAcceptor
INFO: [10.211.55.6]:5703 [dev] [3.5.2] Accepting socket connection from /10.211.55.6:50462
Dec 04, 2015 7:29:57 PM com.hazelcast.nio.tcp.TcpIpConnectionManager
INFO: [10.211.55.6]:5707 [dev] [3.5.2] Established socket connection between /10.211.55.6:50462
Dec 04, 2015 7:29:57 PM com.hazelcast.nio.tcp.SocketConnector
INFO: [10.211.55.6]:5707 [dev] [3.5.2] Connecting to /10.211.55.6:5704, timeout: 0, bind-any: true
Dec 04, 2015 7:29:57 PM com.hazelcast.nio.tcp.SocketAcceptor
INFO: [10.211.55.6]:5704 [dev] [3.5.2] Accepting socket connection from /10.211.55.6:50463
Dec 04, 2015 7:29:57 PM com.hazelcast.nio.tcp.TcpIpConnectionManager
INFO: [10.211.55.6]:5707 [dev] [3.5.2] Established socket connection between /10.211.55.6:50463
Dec 04, 2015 7:29:57 PM com.hazelcast.nio.tcp.SocketConnector
INFO: [10.211.55.6]:5707 [dev] [3.5.2] Connecting to /10.211.55.6:5705, timeout: 0, bind-any: true
Dec 04, 2015 7:29:57 PM com.hazelcast.nio.tcp.SocketAcceptor
INFO: [10.211.55.6]:5705 [dev] [3.5.2] Accepting socket connection from /10.211.55.6:50464
Dec 04, 2015 7:29:57 PM com.hazelcast.nio.tcp.TcpIpConnectionManager
INFO: [10.211.55.6]:5707 [dev] [3.5.2] Established socket connection between /10.211.55.6:50464
Dec 04, 2015 7:29:57 PM com.hazelcast.nio.tcp.SocketConnector
INFO: [10.211.55.6]:5707 [dev] [3.5.2] Connecting to /10.211.55.6:5706, timeout: 0, bind-any: true
Dec 04, 2015 7:29:57 PM com.hazelcast.nio.tcp.SocketAcceptor
INFO: [10.211.55.6]:5706 [dev] [3.5.2] Accepting socket connection from /10.211.55.6:50465
Dec 04, 2015 7:29:57 PM com.hazelcast.nio.tcp.TcpIpConnectionManager
INFO: [10.211.55.6]:5707 [dev] [3.5.2] Established socket connection between /10.211.55.6:50465
Dec 04, 2015 7:29:57 PM com.hazelcast.nio.tcp.TcpIpConnectionManager
INFO: [10.211.55.6]:5703 [dev] [3.5.2] Established socket connection between /10.211.55.6:5703
Dec 04, 2015 7:29:57 PM com.hazelcast.nio.tcp.TcpIpConnectionManager
INFO: [10.211.55.6]:5704 [dev] [3.5.2] Established socket connection between /10.211.55.6:5704
Dec 04, 2015 7:29:57 PM com.hazelcast.nio.tcp.TcpIpConnectionManager
INFO: [10.211.55.6]:5706 [dev] [3.5.2] Established socket connection between /10.211.55.6:5706
Dec 04, 2015 7:29:57 PM com.hazelcast.nio.tcp.TcpIpConnectionManager
INFO: [10.211.55.6]:5705 [dev] [3.5.2] Established socket connection between /10.211.55.6:5705
Dec 04, 2015 7:29:57 PM com.hazelcast.cluster.ClusterService
INFO: [10.211.55.6]:5706 [dev] [3.5.2] 

Members [6] {
	Member [10.211.55.6]:5701
	Member [10.211.55.6]:5703
	Member [10.211.55.6]:5704
	Member [10.211.55.6]:5705
	Member [10.211.55.6]:5706 this
	Member [10.211.55.6]:5707
}

Dec 04, 2015 7:29:57 PM com.hazelcast.cluster.ClusterService
INFO: [10.211.55.6]:5705 [dev] [3.5.2] 

Members [6] {
	Member [10.211.55.6]:5701
	Member [10.211.55.6]:5703
	Member [10.211.55.6]:5704
	Member [10.211.55.6]:5705 this
	Member [10.211.55.6]:5706
	Member [10.211.55.6]:5707
}

Dec 04, 2015 7:29:57 PM com.hazelcast.cluster.ClusterService
INFO: [10.211.55.6]:5703 [dev] [3.5.2] 

Members [6] {
	Member [10.211.55.6]:5701
	Member [10.211.55.6]:5703 this
	Member [10.211.55.6]:5704
	Member [10.211.55.6]:5705
	Member [10.211.55.6]:5706
	Member [10.211.55.6]:5707
}

Dec 04, 2015 7:29:57 PM com.hazelcast.cluster.ClusterService
INFO: [10.211.55.6]:5704 [dev] [3.5.2] 

Members [6] {
	Member [10.211.55.6]:5701
	Member [10.211.55.6]:5703
	Member [10.211.55.6]:5704 this
	Member [10.211.55.6]:5705
	Member [10.211.55.6]:5706
	Member [10.211.55.6]:5707
}

Dec 04, 2015 7:29:57 PM com.hazelcast.nio.tcp.SocketConnector
INFO: [10.211.55.6]:5703 [dev] [3.5.2] Connecting to /10.211.55.6:5707, timeout: 0, bind-any: true
Dec 04, 2015 7:29:57 PM com.hazelcast.nio.tcp.SocketAcceptor
INFO: [10.211.55.6]:5707 [dev] [3.5.2] Accepting socket connection from /10.211.55.6:50466
Dec 04, 2015 7:29:57 PM com.hazelcast.nio.tcp.TcpIpConnectionManager
INFO: [10.211.55.6]:5703 [dev] [3.5.2] Established socket connection between /10.211.55.6:50466
Dec 04, 2015 7:29:57 PM com.hazelcast.nio.tcp.TcpIpConnectionManager
INFO: [10.211.55.6]:5707 [dev] [3.5.2] Established socket connection between /10.211.55.6:5707
Dec 04, 2015 7:29:57 PM com.hazelcast.partition.InternalPartitionService
INFO: [10.211.55.6]:5701 [dev] [3.5.2] Re-partitioning cluster data... Migration queue size: 45
Dec 04, 2015 7:29:58 PM com.hazelcast.partition.InternalPartitionService
INFO: [10.211.55.6]:5701 [dev] [3.5.2] All migration tasks have been completed, queues are empty.
Dec 04, 2015 7:29:59 PM com.hazelcast.instance.Node
WARNING: [10.211.55.6]:5707 [dev] [3.5.2] Config seed port is 5701 and cluster size is 6. Some of the ports seem occupied!
Dec 04, 2015 7:29:59 PM com.hazelcast.core.LifecycleService
INFO: [10.211.55.6]:5707 [dev] [3.5.2] Address[10.211.55.6]:5707 is STARTED
[vert.x-eventloop-thread-0] INFO scp.targets.vertx.CommunicationManagerImpl - Vertx creation succeeded
[Test worker] INFO scp.targets.vertx.CommunicationManagerImpl - Done setting up vertx eventbus
Dec 04, 2015 7:29:59 PM scp.api.SubscriberTest
INFO: Consumed 40
Dec 04, 2015 7:30:00 PM scp.api.SubscriberTest
INFO: SlowPub
[Test worker] INFO scp.targets.vertx.CommunicationManagerImpl - Done setting up vertx eventbus
[vert.x-eventloop-thread-3] WARN scp.impl.SubscriberInvoker - Timed out handling 1-th message
[vert.x-eventloop-thread-3] WARN scp.impl.SubscriberInvoker - Timed out handling 2-th message
[vert.x-eventloop-thread-3] WARN scp.impl.SubscriberInvoker - Dropping 3-th message
[vert.x-eventloop-thread-3] WARN scp.impl.SubscriberInvoker - Timed out handling 4-th message
Dec 04, 2015 7:30:03 PM scp.api.SubscriberTest
INFO: SlowCon 3
[Test worker] INFO scp.targets.vertx.CommunicationManagerImpl - Done setting up vertx eventbus
[vert.x-eventloop-thread-1] INFO scp.impl.SubscriberInvoker - Handling stale 1-th message
Dec 04, 2015 7:30:04 PM scp.api.SubscriberTest
INFO: Staled 30
[Test worker] INFO scp.targets.vertx.CommunicationManagerImpl - Done setting up vertx eventbus
Dec 04, 2015 7:30:04 PM scp.api.SubscriberTest
INFO: Consumed 10
]]></system-err>
</testsuite>
