<?xml version="1.0" encoding="UTF-8"?>
<testsuite name="scp.api.ExecutorConfigurationTest" tests="6" skipped="0" failures="0" errors="0" timestamp="2015-11-30T21:42:46" hostname="DESKTOP-PE2SLM5" time="0.016">
  <properties/>
  <testcase name="testValidConfiguration" classname="scp.api.ExecutorConfigurationTest" time="0.0"/>
  <testcase name="testZeroMinimumSeparation" classname="scp.api.ExecutorConfigurationTest" time="0.0"/>
  <testcase name="testMaximumLatencyGreaterThanOrEqualMinimumSeparation" classname="scp.api.ExecutorConfigurationTest" time="0.0"/>
  <testcase name="testEmptyIdentifier" classname="scp.api.ExecutorConfigurationTest" time="0.0"/>
  <testcase name="testNullIdentifier" classname="scp.api.ExecutorConfigurationTest" time="0.016"/>
  <testcase name="testNullHandler" classname="scp.api.ExecutorConfigurationTest" time="0.0"/>
  <system-out><![CDATA[]]></system-out>
  <system-err><![CDATA[]]></system-err>
</testsuite>
