<?xml version="1.0" encoding="UTF-8"?>
<testsuite name="scp.targets.mock.PublisherTest" tests="3" skipped="0" failures="0" errors="0" timestamp="2015-11-30T21:44:53" hostname="DESKTOP-PE2SLM5" time="0.078">
  <properties/>
  <testcase name="testSuccessfulPublication" classname="scp.targets.mock.PublisherTest" time="0.031"/>
  <testcase name="testFastPublication" classname="scp.targets.mock.PublisherTest" time="0.032"/>
  <testcase name="testPublicationTimeOut" classname="scp.targets.mock.PublisherTest" time="0.015"/>
  <system-out><![CDATA[]]></system-out>
  <system-err><![CDATA[[Thread-284] WARN scp.impl.PublishRequester - Dropping 2-th message
[Thread-285] WARN scp.impl.PublishRequester - Timed out handling 1-th message
]]></system-err>
</testsuite>
