<?xml version="1.0" encoding="UTF-8"?>
<testsuite name="scp.targets.dds.PublisherTest" tests="3" skipped="1" failures="0" errors="0" timestamp="2015-11-30T21:43:36" hostname="DESKTOP-PE2SLM5" time="8.271">
  <properties/>
  <testcase name="testSuccessfulPublication" classname="scp.targets.dds.PublisherTest" time="2.436"/>
  <testcase name="testFastPublication" classname="scp.targets.dds.PublisherTest" time="2.407"/>
  <testcase name="testPublicationTimeOut" classname="scp.targets.dds.PublisherTest" time="3.428">
    <skipped/>
  </testcase>
  <system-out><![CDATA[]]></system-out>
  <system-err><![CDATA[[Thread-132] WARN scp.impl.PublishRequester - Dropping 2-th message
]]></system-err>
</testsuite>
