<?xml version="1.0" encoding="UTF-8"?>
<testsuite name="scp.api.ReceiverConfigurationTest" tests="6" skipped="0" failures="0" errors="0" timestamp="2015-05-05T08:24:17" hostname="WIN-KNSH90IPO6B" time="0.016">
  <properties/>
  <testcase name="testValidConfiguration" classname="scp.api.ReceiverConfigurationTest" time="0.0"/>
  <testcase name="testZeroMinimumSeparation" classname="scp.api.ReceiverConfigurationTest" time="0.0"/>
  <testcase name="testMaximumLatencyGreaterThanOrEqualMinimumSeparation" classname="scp.api.ReceiverConfigurationTest" time="0.0"/>
  <testcase name="testEmptyIdentifier" classname="scp.api.ReceiverConfigurationTest" time="0.0"/>
  <testcase name="testNullIdentifier" classname="scp.api.ReceiverConfigurationTest" time="0.0"/>
  <testcase name="testNullHandler" classname="scp.api.ReceiverConfigurationTest" time="0.0"/>
  <system-out><![CDATA[]]></system-out>
  <system-err><![CDATA[]]></system-err>
</testsuite>
