<?xml version="1.0" encoding="UTF-8"?>
<testsuite name="scp.targets.mock.InProcessCommunicationManagerImplTest" tests="8" skipped="0" failures="0" errors="0" timestamp="2015-05-08T10:56:48" hostname="Matthews-MacBook-Pro.local" time="0.019">
  <properties/>
  <testcase name="testCreateRequesterSuccess" classname="scp.targets.mock.InProcessCommunicationManagerImplTest" time="0.003"/>
  <testcase name="testCreateInitiatorSuccess" classname="scp.targets.mock.InProcessCommunicationManagerImplTest" time="0.002"/>
  <testcase name="testCreateSenderSuccess" classname="scp.targets.mock.InProcessCommunicationManagerImplTest" time="0.0"/>
  <testcase name="testRegisterExecutorSuccess" classname="scp.targets.mock.InProcessCommunicationManagerImplTest" time="0.002"/>
  <testcase name="testRegisterResponderSuccess" classname="scp.targets.mock.InProcessCommunicationManagerImplTest" time="0.001"/>
  <testcase name="testRegisterReceiverSuccess" classname="scp.targets.mock.InProcessCommunicationManagerImplTest" time="0.0"/>
  <testcase name="testRegisterSubscriberSuccess" classname="scp.targets.mock.InProcessCommunicationManagerImplTest" time="0.005"/>
  <testcase name="testCreatePublisherSuccess" classname="scp.targets.mock.InProcessCommunicationManagerImplTest" time="0.003"/>
  <system-out><![CDATA[]]></system-out>
  <system-err><![CDATA[]]></system-err>
</testsuite>
